<?xml version="1.0" encoding="UTF-8"?>
<!-- Generated by org.testng.reporters.JUnitXMLReporter -->
<testsuite ignored="19" hostname="LAPTOP-EEAS1CV9" failures="0" tests="2" name="Test" time="8.523" errors="0" timestamp="11 Jun 2024 00:42:31 GMT">
  <testcase classname="TestScript.InvalidLoginTest" name="invalidLogin" time="3.896"/>
  <testcase classname="TestScript.ValidLoginTest" name="login" time="0.528"/>
  <testcase classname="GenericLib.BaseTest" name="@BeforeSuite serverConnection" time="0.0">
    <ignored/>
  </testcase> <!-- @BeforeSuite serverConnection -->
  <testcase classname="GenericLib.BaseTest" name="@BeforeSuite serverConnection" time="0.0">
    <ignored/>
  </testcase> <!-- @BeforeSuite serverConnection -->
  <testcase classname="GenericLib.BaseTest" name="@BeforeSuite serverConnection" time="0.0">
    <ignored/>
  </testcase> <!-- @BeforeSuite serverConnection -->
  <testcase classname="GenericLib.BaseTest" name="@BeforeSuite serverConnection" time="0.0">
    <ignored/>
  </testcase> <!-- @BeforeSuite serverConnection -->
  <testcase classname="GenericLib.BaseTest" name="@BeforeTest dbConnection" time="0.0">
    <ignored/>
  </testcase> <!-- @BeforeTest dbConnection -->
  <testcase classname="GenericLib.BaseTest" name="@BeforeTest dbConnection" time="0.0">
    <ignored/>
  </testcase> <!-- @BeforeTest dbConnection -->
  <testcase classname="GenericLib.BaseTest" name="@BeforeTest dbConnection" time="0.0">
    <ignored/>
  </testcase> <!-- @BeforeTest dbConnection -->
  <testcase classname="GenericLib.BaseTest" name="@BeforeTest dbConnection" time="0.0">
    <ignored/>
  </testcase> <!-- @BeforeTest dbConnection -->
  <testcase classname="TestScript.DeleteAllProjectAndCustomers" name="deleteAll" time="0.0">
    <ignored/>
  </testcase> <!-- deleteAll -->
  <testcase classname="GenericLib.BaseTest" name="@AfterTest closeDatabaseConnection" time="0.0">
    <ignored/>
  </testcase> <!-- @AfterTest closeDatabaseConnection -->
  <testcase classname="GenericLib.BaseTest" name="@AfterTest closeDatabaseConnection" time="0.0">
    <ignored/>
  </testcase> <!-- @AfterTest closeDatabaseConnection -->
  <testcase classname="GenericLib.BaseTest" name="@AfterTest closeDatabaseConnection" time="0.0">
    <ignored/>
  </testcase> <!-- @AfterTest closeDatabaseConnection -->
  <testcase classname="GenericLib.BaseTest" name="@AfterTest closeDatabaseConnection" time="0.0">
    <ignored/>
  </testcase> <!-- @AfterTest closeDatabaseConnection -->
  <testcase classname="TestScript.CreateUserTest" name="toCreateUser" time="0.0">
    <ignored/>
  </testcase> <!-- toCreateUser -->
  <testcase classname="TestScript.CreateCustomerAndProjectTest" name="createCustomerAndProject" time="0.0">
    <ignored/>
  </testcase> <!-- createCustomerAndProject -->
  <testcase classname="GenericLib.BaseTest" name="@AfterSuite closeServerConnection" time="0.0">
    <ignored/>
  </testcase> <!-- @AfterSuite closeServerConnection -->
  <testcase classname="GenericLib.BaseTest" name="@AfterSuite closeServerConnection" time="0.0">
    <ignored/>
  </testcase> <!-- @AfterSuite closeServerConnection -->
  <testcase classname="GenericLib.BaseTest" name="@AfterSuite closeServerConnection" time="0.0">
    <ignored/>
  </testcase> <!-- @AfterSuite closeServerConnection -->
  <testcase classname="GenericLib.BaseTest" name="@AfterSuite closeServerConnection" time="0.0">
    <ignored/>
  </testcase> <!-- @AfterSuite closeServerConnection -->
</testsuite> <!-- Test -->
